<?xml version="1.0" encoding="UTF-8"?>
<robot generator="Robot 4.0.1 (Python 3.9.5 on win32)" generated="20210508 20:13:45.306" rpa="false" schemaversion="2">
<suite id="s1" name="Busca" source="C:\rw5\parodifood\tests\busca.robot">
<test id="s1-t1" name="Buscar um restaurante">
<kw name="New Browser" library="Browser">
<arg>chromium</arg>
<arg>False</arg>
<tag>BrowserControl</tag>
<tag>Setter</tag>
<doc>Create a new playwright Browser with specified options.
See `Browser, Context and Page` for more information about Browser and related concepts.</doc>
<msg timestamp="20210508 20:13:48.066" level="INFO">{"browser": "chromium", "headless": false, "handleSIGINT": true, "handleSIGTERM": true, "handleSIGHUP": true, "timeout": 30000.0, "devtools": false, "slowMo": 0.0}</msg>
<msg timestamp="20210508 20:13:49.301" level="INFO">Successfully created browser with options: {"browser":"chromium","headless":false,"handleSIGINT":true,"handleSIGTERM":true,"handleSIGHUP":true,"timeout":30000,"devtools":false,"slowMo":0}</msg>
<status status="PASS" starttime="20210508 20:13:48.065" endtime="20210508 20:13:49.301"/>
</kw>
<kw name="New Page" library="Browser">
<arg>http://parodifood.qaninja.academy/</arg>
<tag>BrowserControl</tag>
<tag>Setter</tag>
<doc>Open a new Page. A Page is the Playwright equivalent to a tab.
See `Browser, Context and Page` for more information about Page concept.
Returns a stable identifier for the created page.</doc>
<msg timestamp="20210508 20:13:54.351" level="INFO">Successfully initialized new page object and opened url: http://parodifood.qaninja.academy/</msg>
<status status="PASS" starttime="20210508 20:13:49.318" endtime="20210508 20:13:54.351"/>
</kw>
<kw name="Get Text" library="Browser">
<arg>css=span</arg>
<arg>contains</arg>
<arg>Nunca foi tão engraçado pedir comida</arg>
<tag>Assertion</tag>
<tag>Getter</tag>
<tag>PageContent</tag>
<doc>Returns text attribute of the element found by ``selector``.
See the `Finding elements` section for details about the selectors.</doc>
<status status="PASS" starttime="20210508 20:13:54.352" endtime="20210508 20:13:54.494"/>
</kw>
<kw name="Click" library="Browser">
<arg>text=Estou com fome!</arg>
<tag>PageContent</tag>
<tag>Setter</tag>
<doc>Simulates mouse click on the element found by ``selector``.</doc>
<status status="PASS" starttime="20210508 20:13:54.494" endtime="20210508 20:13:54.568"/>
</kw>
<kw name="Get Text" library="Browser">
<arg>css=h1 strong</arg>
<arg>contains</arg>
<arg>Ta na hora de matar a fome!</arg>
<tag>Assertion</tag>
<tag>Getter</tag>
<tag>PageContent</tag>
<doc>Returns text attribute of the element found by ``selector``.
See the `Finding elements` section for details about the selectors.</doc>
<status status="PASS" starttime="20210508 20:13:54.568" endtime="20210508 20:13:54.596"/>
</kw>
<kw name="Click" library="Browser">
<arg>css=.search-link</arg>
<tag>PageContent</tag>
<tag>Setter</tag>
<doc>Simulates mouse click on the element found by ``selector``.</doc>
<status status="PASS" starttime="20210508 20:13:54.596" endtime="20210508 20:13:54.658"/>
</kw>
<kw name="Fill Text" library="Browser">
<arg>css=input[formcontrolname="searchControl"]</arg>
<arg>Debuger</arg>
<tag>PageContent</tag>
<tag>Setter</tag>
<doc>Clears and fills the given ``text`` into the text field found by ``selector``.</doc>
<msg timestamp="20210508 20:13:54.659" level="INFO">Fills the text 'Debuger' in the given field.</msg>
<status status="PASS" starttime="20210508 20:13:54.659" endtime="20210508 20:13:54.705"/>
</kw>
<kw name="Wait For Elements State" library="Browser">
<arg>css=.place-info-box</arg>
<tag>PageContent</tag>
<tag>Wait</tag>
<doc>Waits for the element found by ``selector`` to satisfy state option.</doc>
<msg timestamp="20210508 20:13:55.663" level="INFO">Wait for Element with selector: css=.place-info-box</msg>
<status status="PASS" starttime="20210508 20:13:54.706" endtime="20210508 20:13:55.663"/>
</kw>
<kw name="Get Text" library="Browser">
<arg>css=.place-info-box</arg>
<arg>contains</arg>
<arg>DEBUGER KING</arg>
<tag>Assertion</tag>
<tag>Getter</tag>
<tag>PageContent</tag>
<doc>Returns text attribute of the element found by ``selector``.
See the `Finding elements` section for details about the selectors.</doc>
<status status="PASS" starttime="20210508 20:13:55.664" endtime="20210508 20:13:55.843"/>
</kw>
<kw name="Sleep" library="BuiltIn">
<arg>3</arg>
<doc>Pauses the test executed for the given time.</doc>
<msg timestamp="20210508 20:13:58.848" level="INFO">Slept 3 seconds</msg>
<status status="PASS" starttime="20210508 20:13:55.843" endtime="20210508 20:13:58.848"/>
</kw>
<kw name="Take Screenshot" library="Browser">
<tag>PageContent</tag>
<doc>Takes a screenshot of the current window and saves it to ``path``. Saves it as a png.</doc>
<msg timestamp="20210508 20:13:59.103" level="INFO" html="true">&lt;/td&gt;&lt;/tr&gt;&lt;tr&gt;&lt;td colspan="3"&gt;&lt;a href="browser/screenshot/robotframework-browser-screenshot-1.png"&gt;&lt;img src="browser/screenshot/robotframework-browser-screenshot-1.png" width="800px"&gt;&lt;/a&gt;</msg>
<status status="PASS" starttime="20210508 20:13:58.850" endtime="20210508 20:13:59.103"/>
</kw>
<status status="PASS" starttime="20210508 20:13:48.060" endtime="20210508 20:13:59.103"/>
</test>
<status status="PASS" starttime="20210508 20:13:45.309" endtime="20210508 20:13:59.209"/>
</suite>
<statistics>
<total>
<stat pass="1" fail="0" skip="0">All Tests</stat>
</total>
<tag>
</tag>
<suite>
<stat pass="1" fail="0" skip="0" id="s1" name="Busca">Busca</stat>
</suite>
</statistics>
<errors>
</errors>
</robot>
