<?xml version="1.0" encoding="UTF-8"?>
<robot generator="Robot 4.0.1 (Python 3.9.5 on win32)" generated="20210509 22:30:48.678" rpa="false" schemaversion="2">
<suite id="s1" name="Carrinho" source="C:\rw5\parodifood\tests\carrinho.robot">
<test id="s1-t1" name="Deve adicionar um item ao carrinho">
<kw name="Start Session" library="base" type="SETUP">
<kw name="New Browser" library="Browser">
<arg>chromium</arg>
<arg>False</arg>
<tag>BrowserControl</tag>
<tag>Setter</tag>
<doc>Create a new playwright Browser with specified options.
See `Browser, Context and Page` for more information about Browser and related concepts.</doc>
<msg timestamp="20210509 22:30:51.504" level="INFO">{"browser": "chromium", "headless": false, "handleSIGINT": true, "handleSIGTERM": true, "handleSIGHUP": true, "timeout": 30000.0, "devtools": false, "slowMo": 0.0}</msg>
<msg timestamp="20210509 22:30:52.866" level="INFO">Successfully created browser with options: {"browser":"chromium","headless":false,"handleSIGINT":true,"handleSIGTERM":true,"handleSIGHUP":true,"timeout":30000,"devtools":false,"slowMo":0}</msg>
<status status="PASS" starttime="20210509 22:30:51.504" endtime="20210509 22:30:52.866"/>
</kw>
<kw name="New Page" library="Browser">
<arg>http://parodifood.qaninja.academy/</arg>
<tag>BrowserControl</tag>
<tag>Setter</tag>
<doc>Open a new Page. A Page is the Playwright equivalent to a tab.
See `Browser, Context and Page` for more information about Page concept.
Returns a stable identifier for the created page.</doc>
<msg timestamp="20210509 22:30:57.837" level="INFO">Successfully initialized new page object and opened url: http://parodifood.qaninja.academy/</msg>
<status status="PASS" starttime="20210509 22:30:52.867" endtime="20210509 22:30:57.837"/>
</kw>
<kw name="Get Text" library="Browser">
<arg>css=span</arg>
<arg>contains</arg>
<arg>Nunca foi tão engraçado pedir comida</arg>
<tag>Assertion</tag>
<tag>Getter</tag>
<tag>PageContent</tag>
<doc>Returns text attribute of the element found by ``selector``.
See the `Finding elements` section for details about the selectors.</doc>
<status status="PASS" starttime="20210509 22:30:57.838" endtime="20210509 22:30:58.025"/>
</kw>
<status status="PASS" starttime="20210509 22:30:51.504" endtime="20210509 22:30:58.025"/>
</kw>
<kw name="Create Dictionary" library="BuiltIn">
<var>&amp;{restaurant}</var>
<arg>name=STARBUGS COFFEE</arg>
<arg>desc=Nada melhor que um café pra te ajudar a resolver um bug.</arg>
<doc>Creates and returns a dictionary based on the given ``items``.</doc>
<msg timestamp="20210509 22:30:58.026" level="INFO">&amp;{restaurant} = { name=STARBUGS COFFEE | desc=Nada melhor que um café pra te ajudar a resolver um bug. }</msg>
<status status="PASS" starttime="20210509 22:30:58.026" endtime="20210509 22:30:58.026"/>
</kw>
<kw name="Go To Restaurants" library="search">
<kw name="Click" library="Browser">
<arg>text=Estou com fome!</arg>
<tag>PageContent</tag>
<tag>Setter</tag>
<doc>Simulates mouse click on the element found by ``selector``.</doc>
<status status="PASS" starttime="20210509 22:30:58.027" endtime="20210509 22:30:58.121"/>
</kw>
<kw name="Get Text" library="Browser">
<arg>css=h1 strong</arg>
<arg>contains</arg>
<arg>Ta na hora de matar a fome!</arg>
<tag>Assertion</tag>
<tag>Getter</tag>
<tag>PageContent</tag>
<doc>Returns text attribute of the element found by ``selector``.
See the `Finding elements` section for details about the selectors.</doc>
<status status="PASS" starttime="20210509 22:30:58.121" endtime="20210509 22:30:58.145"/>
</kw>
<status status="PASS" starttime="20210509 22:30:58.027" endtime="20210509 22:30:58.145"/>
</kw>
<kw name="Choose Restaurant">
<arg>${restaurant}</arg>
<kw name="Click" library="Browser">
<arg>text=${restaurant["name"]}</arg>
<tag>PageContent</tag>
<tag>Setter</tag>
<doc>Simulates mouse click on the element found by ``selector``.</doc>
<status status="PASS" starttime="20210509 22:30:58.147" endtime="20210509 22:30:59.800"/>
</kw>
<kw name="Wait For Elements State" library="Browser">
<arg>css=#detail</arg>
<arg>visible</arg>
<arg>10</arg>
<tag>PageContent</tag>
<tag>Wait</tag>
<doc>Waits for the element found by ``selector`` to satisfy state option.</doc>
<msg timestamp="20210509 22:30:59.813" level="INFO">Wait for Element with selector: css=#detail</msg>
<status status="PASS" starttime="20210509 22:30:59.800" endtime="20210509 22:30:59.814"/>
</kw>
<kw name="Get Text" library="Browser">
<arg>css=#detail</arg>
<arg>contains</arg>
<arg>${restaurant["desc"]}</arg>
<tag>Assertion</tag>
<tag>Getter</tag>
<tag>PageContent</tag>
<doc>Returns text attribute of the element found by ``selector``.
See the `Finding elements` section for details about the selectors.</doc>
<status status="PASS" starttime="20210509 22:30:59.814" endtime="20210509 22:30:59.990"/>
</kw>
<status status="PASS" starttime="20210509 22:30:58.146" endtime="20210509 22:30:59.990"/>
</kw>
<kw name="Add To Cart">
<arg>Starbugs 500 error</arg>
<kw name="Click" library="Browser">
<arg>xpath=//span[text()="${name}"]/..//a[@class="add-to-cart"]</arg>
<tag>PageContent</tag>
<tag>Setter</tag>
<doc>Simulates mouse click on the element found by ``selector``.</doc>
<status status="PASS" starttime="20210509 22:30:59.991" endtime="20210509 22:31:00.509"/>
</kw>
<status status="PASS" starttime="20210509 22:30:59.990" endtime="20210509 22:31:00.509"/>
</kw>
<kw name="Should Add To Cart">
<arg>Starbugs 500 error</arg>
<kw name="Wait For Elements State" library="Browser">
<arg>css=#cart tr &gt;&gt;</arg>
<arg>text=${name}</arg>
<arg>visible</arg>
<arg>5</arg>
<tag>PageContent</tag>
<tag>Wait</tag>
<doc>Waits for the element found by ``selector`` to satisfy state option.</doc>
<msg timestamp="20210509 22:31:00.513" level="FAIL">ValueError: Argument 'state' got value 'text=Starbugs 500 error' that cannot be converted to ElementState: ElementState does not have member 'text=Starbugs 500 error'. Available: 'attached', 'checked', 'defocused', 'deselected', 'detached', 'disabled', 'editable', 'enabled', 'focused', 'hidden', 'readonly', 'selected', 'unchecked' and 'visible'</msg>
<status status="FAIL" starttime="20210509 22:31:00.511" endtime="20210509 22:31:00.513"/>
</kw>
<status status="FAIL" starttime="20210509 22:31:00.510" endtime="20210509 22:31:00.514"/>
</kw>
<kw name="Total Cart Should Be">
<arg>15,60</arg>
<status status="NOT RUN" starttime="20210509 22:31:00.515" endtime="20210509 22:31:00.515"/>
</kw>
<kw name="Take Screenshot" library="Browser" type="TEARDOWN">
<tag>PageContent</tag>
<doc>Takes a screenshot of the current window and saves it to ``path``. Saves it as a png.</doc>
<msg timestamp="20210509 22:31:00.687" level="INFO" html="true">&lt;/td&gt;&lt;/tr&gt;&lt;tr&gt;&lt;td colspan="3"&gt;&lt;a href="browser/screenshot/robotframework-browser-screenshot-1.png"&gt;&lt;img src="browser/screenshot/robotframework-browser-screenshot-1.png" width="800px"&gt;&lt;/a&gt;</msg>
<status status="PASS" starttime="20210509 22:31:00.516" endtime="20210509 22:31:00.688"/>
</kw>
<status status="FAIL" starttime="20210509 22:30:51.501" endtime="20210509 22:31:00.688">ValueError: Argument 'state' got value 'text=Starbugs 500 error' that cannot be converted to ElementState: ElementState does not have member 'text=Starbugs 500 error'. Available: 'attached', 'checked', 'defocused', 'deselected', 'detached', 'disabled', 'editable', 'enabled', 'focused', 'hidden', 'readonly', 'selected', 'unchecked' and 'visible'</status>
</test>
<status status="FAIL" starttime="20210509 22:30:48.682" endtime="20210509 22:31:00.768"/>
</suite>
<statistics>
<total>
<stat pass="0" fail="1" skip="0">All Tests</stat>
</total>
<tag>
</tag>
<suite>
<stat pass="0" fail="1" skip="0" id="s1" name="Carrinho">Carrinho</stat>
</suite>
</statistics>
<errors>
</errors>
</robot>
